#
# A fatal error has been detected by the Java Runtime Environment:
#
#  Internal Error (safepoint.cpp:318), pid=12397, tid=12547
#  guarantee(PageArmed == 0) failed: invariant
#
# JRE version: Java(TM) SE Runtime Environment (7.0_76-b13) (build 1.7.0_76-b13)
# Java VM: Java HotSpot(TM) 64-Bit Server VM (24.76-b04 mixed mode bsd-amd64 compressed oops)
# Failed to write core dump. Core dumps have been disabled. To enable core dumping, try "ulimit -c unlimited" before starting Java again
#
# If you would like to submit a bug report, please visit:
#   http://bugreport.java.com/bugreport/crash.jsp
#

---------------  T H R E A D  ---------------

Current thread (0x00007f822884f000):  VMThread [stack: 0x00000001205db000,0x00000001206db000] [id=12547]

Stack: [0x00000001205db000,0x00000001206db000],  sp=0x00000001206da990,  free space=1022k
Native frames: (J=compiled Java code, j=interpreted, Vv=VM code, C=native code)
V  [libjvm.dylib+0x52d605]
V  [libjvm.dylib+0x1edb41]
V  [libjvm.dylib+0x475136]
V  [libjvm.dylib+0x533149]
V  [libjvm.dylib+0x532a77]
V  [libjvm.dylib+0x421cbe]
C  [libsystem_pthread.dylib+0x3268]  _pthread_body+0x83
C  [libsystem_pthread.dylib+0x31e5]  _pthread_body+0x0
C  [libsystem_pthread.dylib+0x141d]  thread_start+0xd

VM_Operation (0x00007f822a904c10): EnableBiasedLocking, mode: async safepoint, requested by thread 0x00007f822b802000


---------------  P R O C E S S  ---------------

Java Threads: ( => current thread )
  0x00007f8229009800 JavaThread "Service Thread" daemon [_thread_blocked, id=19715, stack(0x0000000122439000,0x0000000122539000)]
  0x00007f8229008800 JavaThread "C2 CompilerThread1" daemon [_thread_blocked, id=19203, stack(0x0000000122336000,0x0000000122436000)]
  0x00007f8229828800 JavaThread "C2 CompilerThread0" daemon [_thread_blocked, id=18691, stack(0x0000000122233000,0x0000000122333000)]
  0x00007f822c800000 JavaThread "Signal Dispatcher" daemon [_thread_blocked, id=14615, stack(0x0000000122130000,0x0000000122230000)]
  0x00007f8228852800 JavaThread "Finalizer" daemon [_thread_blocked, id=13571, stack(0x00000001207e1000,0x00000001208e1000)]
  0x00007f8228851800 JavaThread "Reference Handler" daemon [_thread_blocked, id=13059, stack(0x00000001206de000,0x00000001207de000)]
  0x00007f822a001800 JavaThread "main" [_thread_in_Java, id=4867, stack(0x0000000111464000,0x0000000111564000)]

Other Threads:
=>0x00007f822884f000 VMThread [stack: 0x00000001205db000,0x00000001206db000] [id=12547]
  0x00007f822b802000 WatcherThread [stack: 0x000000012253c000,0x000000012263c000] [id=20227]

VM state:synchronizing (normal execution)

VM Mutex/Monitor currently owned by a thread:  ([mutex/lock_event])
[0x00007f8228601bb0] Safepoint_lock - owner thread: 0x00007f822884f000
[0x00007f8228601c30] Threads_lock - owner thread: 0x00007f822884f000

Heap
 PSYoungGen      total 76800K, used 2642K [0x00000007aaa80000, 0x00000007b0000000, 0x0000000800000000)
  eden space 66048K, 4% used [0x00000007aaa80000,0x00000007aad14898,0x00000007aeb00000)
  from space 10752K, 0% used [0x00000007af580000,0x00000007af580000,0x00000007b0000000)
  to   space 10752K, 0% used [0x00000007aeb00000,0x00000007aeb00000,0x00000007af580000)
 ParOldGen       total 174592K, used 0K [0x0000000700000000, 0x000000070aa80000, 0x00000007aaa80000)
  object space 174592K, 0% used [0x0000000700000000,0x0000000700000000,0x000000070aa80000)
 PSPermGen       total 21504K, used 2623K [0x00000006fae00000, 0x00000006fc300000, 0x0000000700000000)
  object space 21504K, 12% used [0x00000006fae00000,0x00000006fb08fe70,0x00000006fc300000)

Card table byte_map: [0x0000000114626000,0x0000000114e50000] byte_map_base: 0x0000000110e4f000

Polling page: 0x000000010f99b000

Code Cache  [0x0000000111566000, 0x00000001117d6000, 0x0000000114566000)
 total_blobs=185 nmethods=4 adapters=136 free_code_cache=48766Kb largest_free_block=49917248

Compilation events (8 events):
Event: 0.057 Thread 0x00007f8229828800    1             java.lang.String::hashCode (55 bytes)
Event: 0.061 Thread 0x00007f8229008800    2             java.lang.String::indexOf (70 bytes)
Event: 0.062 Thread 0x00007f8229828800 nmethod 1 0x00000001115c6550 code [0x00000001115c66a0, 0x00000001115c6818]
Event: 0.063 Thread 0x00007f8229008800 nmethod 2 0x00000001115c6150 code [0x00000001115c62a0, 0x00000001115c6448]
Event: 0.067 Thread 0x00007f8229828800    3             old.PrimesBelow::isPrime (23 bytes)
Event: 0.068 Thread 0x00007f8229828800 nmethod 3 0x00000001115c5bd0 code [0x00000001115c5d00, 0x00000001115c5e98]
Event: 0.104 Thread 0x00007f8229008800    4 %           old.PrimesBelow::main @ 9 (37 bytes)
Event: 0.106 Thread 0x00007f8229008800 nmethod 4% 0x00000001115c5750 code [0x00000001115c5880, 0x00000001115c5af8]

GC Heap History (0 events):
No events

Deoptimization events (0 events):
No events

Internal exceptions (10 events):
Event: 0.061 Thread 0x00007f822a001800 Threw 0x00000007aab10218 at /HUDSON/workspace/7u-2-build-macosx-x86_64/jdk7u76/1941/hotspot/src/share/vm/prims/jni.cpp:717
Event: 0.061 Thread 0x00007f822a001800 Threw 0x00000007aab10338 at /HUDSON/workspace/7u-2-build-macosx-x86_64/jdk7u76/1941/hotspot/src/share/vm/prims/jvm.cpp:1304
Event: 0.061 Thread 0x00007f822a001800 Threw 0x00000007aab10460 at /HUDSON/workspace/7u-2-build-macosx-x86_64/jdk7u76/1941/hotspot/src/share/vm/prims/jvm.cpp:1304
Event: 0.062 Thread 0x00007f822a001800 Threw 0x00000007aab11100 at /HUDSON/workspace/7u-2-build-macosx-x86_64/jdk7u76/1941/hotspot/src/share/vm/prims/jni.cpp:717
Event: 0.062 Thread 0x00007f822a001800 Threw 0x00000007aab11220 at /HUDSON/workspace/7u-2-build-macosx-x86_64/jdk7u76/1941/hotspot/src/share/vm/prims/jvm.cpp:1304
Event: 0.062 Thread 0x00007f822a001800 Threw 0x00000007aab11348 at /HUDSON/workspace/7u-2-build-macosx-x86_64/jdk7u76/1941/hotspot/src/share/vm/prims/jvm.cpp:1304
Event: 0.064 Thread 0x00007f822a001800 Threw 0x00000007aab22b30 at /HUDSON/workspace/7u-2-build-macosx-x86_64/jdk7u76/1941/hotspot/src/share/vm/prims/jni.cpp:717
Event: 0.064 Thread 0x00007f822a001800 Threw 0x00000007aab22c50 at /HUDSON/workspace/7u-2-build-macosx-x86_64/jdk7u76/1941/hotspot/src/share/vm/prims/jvm.cpp:1304
Event: 0.064 Thread 0x00007f822a001800 Threw 0x00000007aab22d78 at /HUDSON/workspace/7u-2-build-macosx-x86_64/jdk7u76/1941/hotspot/src/share/vm/prims/jvm.cpp:1304
Event: 0.064 Thread 0x00007f822a001800 Threw 0x00000007aab22fc8 at /HUDSON/workspace/7u-2-build-macosx-x86_64/jdk7u76/1941/hotspot/src/share/vm/prims/jvm.cpp:1304

Events (10 events):
Event: 0.066 loading class 0x00007f8229010410 done
Event: 0.066 loading class 0x00007f822900e010
Event: 0.066 loading class 0x00007f822900e010 done
Event: 0.066 loading class 0x00007f822900e040
Event: 0.066 loading class 0x00007f822900e040 done
Event: 0.067 loading class 0x000000011e6ef6f0
Event: 0.067 loading class 0x000000011e6ef6f0 done
Event: 0.067 loading class 0x000000011e6d7150
Event: 0.067 loading class 0x000000011e6d7150 done
Event: 4.084 Executing VM operation: EnableBiasedLocking


Dynamic libraries:
0x0000000008017000 	/System/Library/Frameworks/Cocoa.framework/Versions/A/Cocoa
0x0000000008017000 	/System/Library/Frameworks/Security.framework/Versions/A/Security
0x0000000008017000 	/System/Library/Frameworks/ApplicationServices.framework/Versions/A/ApplicationServices
0x0000000008017000 	/usr/lib/libz.1.dylib
0x0000000008017000 	/usr/lib/libSystem.B.dylib
0x0000000008017000 	/usr/lib/libobjc.A.dylib
0x0000000008017000 	/System/Library/Frameworks/CoreFoundation.framework/Versions/A/CoreFoundation
0x0000000008017000 	/System/Library/Frameworks/Foundation.framework/Versions/C/Foundation
0x0000000008017000 	/System/Library/Frameworks/AppKit.framework/Versions/C/AppKit
0x0000000008017000 	/System/Library/Frameworks/CoreData.framework/Versions/A/CoreData
0x0000000008017000 	/System/Library/PrivateFrameworks/RemoteViewServices.framework/Versions/A/RemoteViewServices
0x0000000008017000 	/System/Library/PrivateFrameworks/UIFoundation.framework/Versions/A/UIFoundation
0x0000000008017000 	/System/Library/Frameworks/IOSurface.framework/Versions/A/IOSurface
0x0000000008017000 	/System/Library/Frameworks/AudioToolbox.framework/Versions/A/AudioToolbox
0x0000000008017000 	/System/Library/Frameworks/AudioUnit.framework/Versions/A/AudioUnit
0x0000000008017000 	/System/Library/PrivateFrameworks/DataDetectorsCore.framework/Versions/A/DataDetectorsCore
0x0000000008017000 	/System/Library/PrivateFrameworks/DesktopServicesPriv.framework/Versions/A/DesktopServicesPriv
0x0000000008017000 	/System/Library/Frameworks/Carbon.framework/Versions/A/Frameworks/HIToolbox.framework/Versions/A/HIToolbox
0x0000000008017000 	/System/Library/Frameworks/QuartzCore.framework/Versions/A/QuartzCore
0x0000000008017000 	/System/Library/Frameworks/Carbon.framework/Versions/A/Frameworks/SpeechRecognition.framework/Versions/A/SpeechRecognition
0x0000000008017000 	/usr/lib/libauto.dylib
0x0000000008017000 	/usr/lib/libicucore.A.dylib
0x0000000008017000 	/usr/lib/libxml2.2.dylib
0x0000000008017000 	/System/Library/PrivateFrameworks/CoreUI.framework/Versions/A/CoreUI
0x0000000008017000 	/System/Library/Frameworks/CoreAudio.framework/Versions/A/CoreAudio
0x0000000008017000 	/System/Library/Frameworks/DiskArbitration.framework/Versions/A/DiskArbitration
0x0000000008017000 	/usr/lib/liblangid.dylib
0x0000000008017000 	/System/Library/PrivateFrameworks/MultitouchSupport.framework/Versions/A/MultitouchSupport
0x0000000008017000 	/System/Library/Frameworks/IOKit.framework/Versions/A/IOKit
0x0000000008017000 	/usr/lib/libDiagnosticMessagesClient.dylib
0x0000000008017000 	/System/Library/Frameworks/CoreServices.framework/Versions/A/CoreServices
0x0000000008017000 	/System/Library/PrivateFrameworks/PerformanceAnalysis.framework/Versions/A/PerformanceAnalysis
0x0000000008017000 	/System/Library/PrivateFrameworks/GenerationalStorage.framework/Versions/A/GenerationalStorage
0x0000000008017000 	/System/Library/Frameworks/OpenGL.framework/Versions/A/OpenGL
0x0000000008017000 	/System/Library/PrivateFrameworks/Sharing.framework/Versions/A/Sharing
0x0000000008017000 	/System/Library/Frameworks/CoreGraphics.framework/Versions/A/CoreGraphics
0x0000000008017000 	/System/Library/Frameworks/CoreText.framework/Versions/A/CoreText
0x0000000008017000 	/System/Library/Frameworks/ImageIO.framework/Versions/A/ImageIO
0x0000000008017000 	/usr/lib/libextension.dylib
0x0000000008017000 	/System/Library/PrivateFrameworks/Backup.framework/Versions/A/Backup
0x0000000008017000 	/usr/lib/libarchive.2.dylib
0x0000000008017000 	/System/Library/Frameworks/CFNetwork.framework/Versions/A/CFNetwork
0x0000000008017000 	/System/Library/Frameworks/SystemConfiguration.framework/Versions/A/SystemConfiguration
0x0000000008017000 	/usr/lib/libCRFSuite.dylib
0x0000000008017000 	/usr/lib/libc++.1.dylib
0x0000000008017000 	/usr/lib/libc++abi.dylib
0x0000000008017000 	/usr/lib/system/libcache.dylib
0x0000000008017000 	/usr/lib/system/libcommonCrypto.dylib
0x0000000008017000 	/usr/lib/system/libcompiler_rt.dylib
0x0000000008017000 	/usr/lib/system/libcopyfile.dylib
0x0000000008017000 	/usr/lib/system/libcorecrypto.dylib
0x0000000008017000 	/usr/lib/system/libdispatch.dylib
0x0000000008017000 	/usr/lib/system/libdyld.dylib
0x0000000008017000 	/usr/lib/system/libkeymgr.dylib
0x0000000008017000 	/usr/lib/system/liblaunch.dylib
0x0000000008017000 	/usr/lib/system/libmacho.dylib
0x0000000008017000 	/usr/lib/system/libquarantine.dylib
0x0000000008017000 	/usr/lib/system/libremovefile.dylib
0x0000000008017000 	/usr/lib/system/libsystem_asl.dylib
0x0000000008017000 	/usr/lib/system/libsystem_blocks.dylib
0x0000000008017000 	/usr/lib/system/libsystem_c.dylib
0x0000000008017000 	/usr/lib/system/libsystem_configuration.dylib
0x0000000008017000 	/usr/lib/system/libsystem_coreservices.dylib
0x0000000008017000 	/usr/lib/system/libsystem_coretls.dylib
0x0000000008017000 	/usr/lib/system/libsystem_dnssd.dylib
0x0000000008017000 	/usr/lib/system/libsystem_info.dylib
0x0000000008017000 	/usr/lib/system/libsystem_kernel.dylib
0x0000000008017000 	/usr/lib/system/libsystem_m.dylib
0x0000000008017000 	/usr/lib/system/libsystem_malloc.dylib
0x0000000008017000 	/usr/lib/system/libsystem_network.dylib
0x0000000008017000 	/usr/lib/system/libsystem_networkextension.dylib
0x0000000008017000 	/usr/lib/system/libsystem_notify.dylib
0x0000000008017000 	/usr/lib/system/libsystem_platform.dylib
0x0000000008017000 	/usr/lib/system/libsystem_pthread.dylib
0x0000000008017000 	/usr/lib/system/libsystem_sandbox.dylib
0x0000000008017000 	/usr/lib/system/libsystem_secinit.dylib
0x0000000008017000 	/usr/lib/system/libsystem_stats.dylib
0x0000000008017000 	/usr/lib/system/libsystem_trace.dylib
0x0000000008017000 	/usr/lib/system/libunc.dylib
0x0000000008017000 	/usr/lib/system/libunwind.dylib
0x0000000008017000 	/usr/lib/system/libxpc.dylib
0x0000000008017000 	/usr/lib/libbz2.1.0.dylib
0x0000000008017000 	/usr/lib/liblzma.5.dylib
0x0000000008017000 	/usr/lib/libbsm.0.dylib
0x0000000008017000 	/usr/lib/libsqlite3.dylib
0x0000000008017000 	/usr/lib/system/libkxld.dylib
0x0000000008017000 	/usr/lib/libxar.1.dylib
0x0000000008017000 	/usr/lib/libpam.2.dylib
0x0000000008017000 	/usr/lib/libOpenScriptingUtil.dylib
0x0000000008017000 	/System/Library/Frameworks/CoreServices.framework/Versions/A/Frameworks/FSEvents.framework/Versions/A/FSEvents
0x0000000008017000 	/System/Library/Frameworks/CoreServices.framework/Versions/A/Frameworks/CarbonCore.framework/Versions/A/CarbonCore
0x0000000008017000 	/System/Library/Frameworks/CoreServices.framework/Versions/A/Frameworks/Metadata.framework/Versions/A/Metadata
0x0000000008017000 	/System/Library/Frameworks/CoreServices.framework/Versions/A/Frameworks/OSServices.framework/Versions/A/OSServices
0x0000000008017000 	/System/Library/Frameworks/CoreServices.framework/Versions/A/Frameworks/SearchKit.framework/Versions/A/SearchKit
0x0000000008017000 	/System/Library/Frameworks/CoreServices.framework/Versions/A/Frameworks/AE.framework/Versions/A/AE
0x0000000008017000 	/System/Library/Frameworks/CoreServices.framework/Versions/A/Frameworks/LaunchServices.framework/Versions/A/LaunchServices
0x0000000008017000 	/System/Library/Frameworks/CoreServices.framework/Versions/A/Frameworks/DictionaryServices.framework/Versions/A/DictionaryServices
0x0000000008017000 	/System/Library/Frameworks/NetFS.framework/Versions/A/NetFS
0x0000000008017000 	/System/Library/PrivateFrameworks/NetAuth.framework/Versions/A/NetAuth
0x0000000008017000 	/System/Library/PrivateFrameworks/login.framework/Versions/A/Frameworks/loginsupport.framework/Versions/A/loginsupport
0x0000000008017000 	/System/Library/PrivateFrameworks/TCC.framework/Versions/A/TCC
0x0000000008017000 	/usr/lib/libmecabra.dylib
0x0000000008017000 	/System/Library/Frameworks/ApplicationServices.framework/Versions/A/Frameworks/ATS.framework/Versions/A/ATS
0x0000000008017000 	/System/Library/Frameworks/ApplicationServices.framework/Versions/A/Frameworks/ColorSync.framework/Versions/A/ColorSync
0x0000000008017000 	/System/Library/Frameworks/ApplicationServices.framework/Versions/A/Frameworks/HIServices.framework/Versions/A/HIServices
0x0000000008017000 	/System/Library/Frameworks/ApplicationServices.framework/Versions/A/Frameworks/LangAnalysis.framework/Versions/A/LangAnalysis
0x0000000008017000 	/System/Library/Frameworks/ApplicationServices.framework/Versions/A/Frameworks/PrintCore.framework/Versions/A/PrintCore
0x0000000008017000 	/System/Library/Frameworks/ApplicationServices.framework/Versions/A/Frameworks/QD.framework/Versions/A/QD
0x0000000008017000 	/System/Library/Frameworks/ApplicationServices.framework/Versions/A/Frameworks/SpeechSynthesis.framework/Versions/A/SpeechSynthesis
0x0000000008017000 	/System/Library/Frameworks/Accelerate.framework/Versions/A/Accelerate
0x0000000008017000 	/System/Library/Frameworks/Accelerate.framework/Versions/A/Frameworks/vImage.framework/Versions/A/vImage
0x0000000008017000 	/System/Library/Frameworks/Accelerate.framework/Versions/A/Frameworks/vecLib.framework/Versions/A/vecLib
0x0000000008017000 	/System/Library/Frameworks/Accelerate.framework/Versions/A/Frameworks/vecLib.framework/Versions/A/libvDSP.dylib
0x0000000008017000 	/System/Library/Frameworks/Accelerate.framework/Versions/A/Frameworks/vecLib.framework/Versions/A/libvMisc.dylib
0x0000000008017000 	/System/Library/Frameworks/Accelerate.framework/Versions/A/Frameworks/vecLib.framework/Versions/A/libLAPACK.dylib
0x0000000008017000 	/System/Library/Frameworks/Accelerate.framework/Versions/A/Frameworks/vecLib.framework/Versions/A/libBLAS.dylib
0x0000000008017000 	/System/Library/Frameworks/Accelerate.framework/Versions/A/Frameworks/vecLib.framework/Versions/A/libLinearAlgebra.dylib
0x0000000008017000 	/System/Library/Frameworks/ApplicationServices.framework/Versions/A/Frameworks/ATS.framework/Versions/A/Resources/libFontParser.dylib
0x0000000008017000 	/System/Library/Frameworks/ApplicationServices.framework/Versions/A/Frameworks/ATS.framework/Versions/A/Resources/libFontRegistry.dylib
0x0000000008017000 	/System/Library/PrivateFrameworks/AppleVPA.framework/Versions/A/AppleVPA
0x0000000008017000 	/System/Library/PrivateFrameworks/AppleJPEG.framework/Versions/A/AppleJPEG
0x0000000008017000 	/System/Library/Frameworks/ImageIO.framework/Versions/A/Resources/libJPEG.dylib
0x0000000008017000 	/System/Library/Frameworks/ImageIO.framework/Versions/A/Resources/libTIFF.dylib
0x0000000008017000 	/System/Library/Frameworks/ImageIO.framework/Versions/A/Resources/libPng.dylib
0x0000000008017000 	/System/Library/Frameworks/ImageIO.framework/Versions/A/Resources/libGIF.dylib
0x0000000008017000 	/System/Library/Frameworks/ImageIO.framework/Versions/A/Resources/libJP2.dylib
0x0000000008017000 	/System/Library/Frameworks/ImageIO.framework/Versions/A/Resources/libRadiance.dylib
0x0000000008017000 	/System/Library/Frameworks/CoreVideo.framework/Versions/A/CoreVideo
0x0000000008017000 	/System/Library/Frameworks/OpenGL.framework/Versions/A/Libraries/libGLU.dylib
0x0000000008017000 	/System/Library/Frameworks/OpenGL.framework/Versions/A/Libraries/libGFXShared.dylib
0x0000000008017000 	/System/Library/Frameworks/OpenGL.framework/Versions/A/Libraries/libGL.dylib
0x0000000008017000 	/System/Library/Frameworks/OpenGL.framework/Versions/A/Libraries/libGLImage.dylib
0x0000000008017000 	/System/Library/Frameworks/OpenGL.framework/Versions/A/Libraries/libCVMSPluginSupport.dylib
0x0000000008017000 	/System/Library/Frameworks/OpenGL.framework/Versions/A/Libraries/libCoreVMClient.dylib
0x0000000008017000 	/usr/lib/libcups.2.dylib
0x0000000008017000 	/System/Library/Frameworks/Kerberos.framework/Versions/A/Kerberos
0x0000000008017000 	/System/Library/Frameworks/GSS.framework/Versions/A/GSS
0x0000000008017000 	/usr/lib/libresolv.9.dylib
0x0000000008017000 	/usr/lib/libiconv.2.dylib
0x0000000008017000 	/System/Library/PrivateFrameworks/Heimdal.framework/Versions/A/Heimdal
0x0000000008017000 	/usr/lib/libheimdal-asn1.dylib
0x0000000008017000 	/System/Library/Frameworks/OpenDirectory.framework/Versions/A/OpenDirectory
0x0000000008017000 	/System/Library/PrivateFrameworks/CommonAuth.framework/Versions/A/CommonAuth
0x0000000008017000 	/System/Library/Frameworks/OpenDirectory.framework/Versions/A/Frameworks/CFOpenDirectory.framework/Versions/A/CFOpenDirectory
0x0000000008017000 	/System/Library/Frameworks/SecurityFoundation.framework/Versions/A/SecurityFoundation
0x0000000008017000 	/System/Library/PrivateFrameworks/LanguageModeling.framework/Versions/A/LanguageModeling
0x0000000008017000 	/usr/lib/libcmph.dylib
0x0000000008017000 	/System/Library/Frameworks/ServiceManagement.framework/Versions/A/ServiceManagement
0x0000000008017000 	/usr/lib/libxslt.1.dylib
0x0000000008017000 	/System/Library/Frameworks/Carbon.framework/Versions/A/Frameworks/Ink.framework/Versions/A/Ink
0x0000000008017000 	/System/Library/Frameworks/QuartzCore.framework/Versions/A/Frameworks/CoreImage.framework/Versions/A/CoreImage
0x0000000008017000 	/System/Library/PrivateFrameworks/CrashReporterSupport.framework/Versions/A/CrashReporterSupport
0x0000000008017000 	/System/Library/Frameworks/OpenCL.framework/Versions/A/OpenCL
0x0000000008017000 	/System/Library/PrivateFrameworks/FaceCore.framework/Versions/A/FaceCore
0x0000000008017000 	/System/Library/PrivateFrameworks/Ubiquity.framework/Versions/A/Ubiquity
0x0000000008017000 	/System/Library/PrivateFrameworks/IconServices.framework/Versions/A/IconServices
0x0000000008017000 	/System/Library/PrivateFrameworks/ChunkingLibrary.framework/Versions/A/ChunkingLibrary
0x0000000008017000 	/System/Library/PrivateFrameworks/Apple80211.framework/Versions/A/Apple80211
0x0000000008017000 	/System/Library/Frameworks/CoreWLAN.framework/Versions/A/CoreWLAN
0x0000000008017000 	/System/Library/Frameworks/IOBluetooth.framework/Versions/A/IOBluetooth
0x0000000008017000 	/System/Library/PrivateFrameworks/CoreWiFi.framework/Versions/A/CoreWiFi
0x0000000008017000 	/System/Library/Frameworks/CoreBluetooth.framework/Versions/A/CoreBluetooth
0x0000000008017000 	/System/Library/PrivateFrameworks/DebugSymbols.framework/Versions/A/DebugSymbols
0x0000000008017000 	/System/Library/PrivateFrameworks/CoreSymbolication.framework/Versions/A/CoreSymbolication
0x0000000008017000 	/System/Library/PrivateFrameworks/Symbolication.framework/Versions/A/Symbolication
0x0000000008017000 	/System/Library/PrivateFrameworks/SpeechRecognitionCore.framework/Versions/A/SpeechRecognitionCore
0x0000000110a00000 	/Library/Java/JavaVirtualMachines/jdk1.7.0_76.jdk/Contents/Home/jre/lib/server/libjvm.dylib
0x0000000008017000 	/usr/lib/libstdc++.6.dylib
0x000000010f95e000 	/Library/Java/JavaVirtualMachines/jdk1.7.0_76.jdk/Contents/Home/jre/lib/libverify.dylib
0x000000010f96b000 	/Library/Java/JavaVirtualMachines/jdk1.7.0_76.jdk/Contents/Home/jre/lib/libjava.dylib
0x000000010f9a5000 	/Library/Java/JavaVirtualMachines/jdk1.7.0_76.jdk/Contents/Home/jre/lib/libzip.dylib
0x00000001208e3000 	/System/Library/Frameworks/JavaVM.framework/Frameworks/JavaRuntimeSupport.framework/JavaRuntimeSupport
0x00000001208fb000 	/System/Library/Frameworks/JavaVM.framework/Versions/A/Frameworks/JavaNativeFoundation.framework/Versions/A/JavaNativeFoundation
0x0000000120910000 	/System/Library/Frameworks/JavaVM.framework/Versions/A/JavaVM
0x0000000008017000 	/System/Library/Frameworks/Carbon.framework/Versions/A/Carbon
0x000000012091d000 	/System/Library/PrivateFrameworks/JavaLaunching.framework/Versions/A/JavaLaunching
0x0000000008017000 	/System/Library/Frameworks/Carbon.framework/Versions/A/Frameworks/CommonPanels.framework/Versions/A/CommonPanels
0x0000000008017000 	/System/Library/Frameworks/Carbon.framework/Versions/A/Frameworks/Help.framework/Versions/A/Help
0x0000000008017000 	/System/Library/Frameworks/Carbon.framework/Versions/A/Frameworks/ImageCapture.framework/Versions/A/ImageCapture
0x0000000008017000 	/System/Library/Frameworks/Carbon.framework/Versions/A/Frameworks/OpenScripting.framework/Versions/A/OpenScripting
0x0000000008017000 	/System/Library/Frameworks/Carbon.framework/Versions/A/Frameworks/Print.framework/Versions/A/Print
0x0000000008017000 	/System/Library/Frameworks/Carbon.framework/Versions/A/Frameworks/SecurityHI.framework/Versions/A/SecurityHI

VM Arguments:
jvm_args: -Dfile.encoding=UTF-8 
java_command: old.PrimesBelow
Launcher Type: SUN_STANDARD

Environment Variables:
PATH=/usr/bin:/bin:/usr/sbin:/sbin
SHELL=/bin/bash
DISPLAY=/private/tmp/com.apple.launchd.3CLVgFvHuV/org.macosforge.xquartz:0

Signal Handlers:
SIGSEGV: [libjvm.dylib+0x52db31], sa_mask[0]=0xfffefeff, sa_flags=0x00000043
SIGBUS: [libjvm.dylib+0x52db31], sa_mask[0]=0xfffefeff, sa_flags=0x00000042
SIGFPE: [libjvm.dylib+0x41f3be], sa_mask[0]=0xfffefeff, sa_flags=0x00000042
SIGPIPE: [libjvm.dylib+0x41f3be], sa_mask[0]=0xfffefeff, sa_flags=0x00000042
SIGXFSZ: [libjvm.dylib+0x41f3be], sa_mask[0]=0xfffefeff, sa_flags=0x00000042
SIGILL: [libjvm.dylib+0x41f3be], sa_mask[0]=0xfffefeff, sa_flags=0x00000042
SIGUSR1: SIG_DFL, sa_mask[0]=0x00000000, sa_flags=0x00000000
SIGUSR2: [libjvm.dylib+0x41eeb0], sa_mask[0]=0x00000004, sa_flags=0x00000042
SIGHUP: [libjvm.dylib+0x41d141], sa_mask[0]=0xfffefeff, sa_flags=0x00000042
SIGINT: [libjvm.dylib+0x41d141], sa_mask[0]=0xfffefeff, sa_flags=0x00000042
SIGTERM: [libjvm.dylib+0x41d141], sa_mask[0]=0xfffefeff, sa_flags=0x00000042
SIGQUIT: [libjvm.dylib+0x41d141], sa_mask[0]=0xfffefeff, sa_flags=0x00000042


---------------  S Y S T E M  ---------------

OS:Bsduname:Darwin 14.1.0 Darwin Kernel Version 14.1.0: Thu Feb 26 19:26:47 PST 2015; root:xnu-2782.10.73~1/RELEASE_X86_64 x86_64
rlimit: STACK 8192k, CORE 0k, NPROC 709, NOFILE 10240, AS infinity
load average:3.48 3.05 2.52

CPU:total 8 (4 cores per cpu, 2 threads per core) family 6 model 70 stepping 1, cmov, cx8, fxsr, mmx, sse, sse2, sse3, ssse3, sse4.1, sse4.2, popcnt, avx, avx2, aes, erms, ht, tsc, tscinvbit

Memory: 4k page, physical 16777216k(4194304k free)

/proc/meminfo:


vm_info: Java HotSpot(TM) 64-Bit Server VM (24.76-b04) for bsd-amd64 JRE (1.7.0_76-b13), built on Dec 18 2014 16:27:39 by "java_re" with gcc 4.2.1 (Based on Apple Inc. build 5658) (LLVM build 2336.11.00)

time: Sun May 31 07:54:55 2015
elapsed time: 381 seconds

